#
# A fatal error has been detected by the Java Runtime Environment:
#
#  SIGBUS (0xa) at pc=0x0000000103dde0b7, pid=755, tid=38419
#
# JRE version: Java(TM) SE Runtime Environment (7.0_79-b15) (build 1.7.0_79-b15)
# Java VM: Java HotSpot(TM) 64-Bit Server VM (24.79-b02 mixed mode bsd-amd64 compressed oops)
# Problematic frame:
# C  [libzip.dylib+0x30b7]  newEntry+0x154
#
# Failed to write core dump. Core dumps have been disabled. To enable core dumping, try "ulimit -c unlimited" before starting Java again
#
# If you would like to submit a bug report, please visit:
#   http://bugreport.java.com/bugreport/crash.jsp
# The crash happened outside the Java Virtual Machine in native code.
# See problematic frame for where to report the bug.
#

---------------  T H R E A D  ---------------

Current thread (0x00007f8ecb572800):  JavaThread "TBoxReasoner_0" daemon [_thread_in_native, id=38419, stack(0x0000000117493000,0x0000000117593000)]

siginfo:si_signo=SIGBUS: si_errno=0, si_code=2 (BUS_ADRERR), si_addr=0x00000001127377d1

Registers:
RAX=0x00007f8eca4788b0, RBX=0x00000001127377c5, RCX=0x0000000000000001, RDX=0x0000000000000408
RSP=0x0000000117590a50, RBP=0x0000000117590ab0, RSI=0x00007f8ecea00000, RDI=0x0000000103cce800
R8 =0x0000000000000004, R9 =0x00000000fffff800, R10=0x0000000000000010, R11=0x00007f8ecea00000
R12=0x0000000000018fe0, R13=0x0000000111c06000, R14=0x00007f8eca4788b0, R15=0x00007f8ecec23350
RIP=0x0000000103dde0b7, EFLAGS=0x0000000000010206, ERR=0x0000000000000004
  TRAPNO=0x000000000000000e

Top of Stack: (sp=0x0000000117590a50)
0x0000000117590a50:   0000000000000002 00000000cf8284a0
0x0000000117590a60:   0000000117590ab0 00000001046a5013
0x0000000117590a70:   0000000117590a90 00007f8eca4788b0
0x0000000117590a80:   00007f8ecea47e60 0000000023321318
0x0000000117590a90:   0000000000018fe0 0000000111c06000
0x0000000117590aa0:   00007f8eca4788b0 00007f8ecec23350
0x0000000117590ab0:   0000000117590b00 0000000103dde725
0x0000000117590ac0:   0000000000000023 00000023cb572800
0x0000000117590ad0:   0000000117590b1e 0000000117590f68
0x0000000117590ae0:   0000000000000023 0000000117590b1e
0x0000000117590af0:   00007f8eca4788b0 00007f8ecb5729e8
0x0000000117590b00:   0000000117590f50 0000000103ddd570
0x0000000117590b10:   0000000117590b80 6f63000100000001
0x0000000117590b20:   656c676f6f672f6d 2f7463656a6e692f
0x0000000117590b30:   7373654d2f697073 73616c632e656761
0x0000000117590b40:   0000000117590073 000000075b12581c
0x0000000117590b50:   0000000117590be0 000000075b127068
0x0000000117590b60:   000000075bc25c10 000000075b125848
0x0000000117590b70:   0000000000000000 0000000117590bc8
0x0000000117590b80:   0000000117590c28 000000010519c233
0x0000000117590b90:   00000007cc367c18 0000000760e225e0
0x0000000117590ba0:   00000000000b3947 0000000000000000
0x0000000117590bb0:   0000000000000000 000000000036ee80
0x0000000117590bc0:   0000000004e26590 00000007cc367ba0
0x0000000117590bd0:   00000149d977c710 00000007cc367c00
0x0000000117590be0:   0000000761bbb7e8 0000000117590be8
0x0000000117590bf0:   000000075b12166b 0000000117590c50
0x0000000117590c00:   000000075b127de8 000000075bc25818
0x0000000117590c10:   000000075b121678 0000000000000000
0x0000000117590c20:   0000000117590c38 0000000117590c98
0x0000000117590c30:   000000010519c233 00000007cc367ba0
0x0000000117590c40:   00000149d977c710 0000000104b06153 

Instructions: (pc=0x0000000103dde0b7)
0x0000000103dde097:   49 8b 7f 38 e8 9c 1a 00 00 4d 89 77 38 49 89 5f
0x0000000103dde0a7:   40 4c 89 f0 48 85 c0 0f 84 16 05 00 00 48 89 c3
0x0000000103dde0b7:   0f b6 43 0c 0f b6 4b 0d 48 c1 e1 08 48 01 c1 0f
0x0000000103dde0c7:   b6 43 0e 0f b6 53 0f 48 c1 e2 08 48 01 c2 48 c1 

Register to memory mapping:

RAX=0x00007f8eca4788b0 is an unknown value
RBX=0x00000001127377c5 is an unknown value
RCX=0x0000000000000001 is an unknown value
RDX=0x0000000000000408 is an unknown value
RSP=0x0000000117590a50 is pointing into the stack for thread: 0x00007f8ecb572800
RBP=0x0000000117590ab0 is pointing into the stack for thread: 0x00007f8ecb572800
RSI=0x00007f8ecea00000 is an unknown value
RDI=0x0000000103cce800 is an unknown value
R8 =0x0000000000000004 is an unknown value
R9 =0x00000000fffff800 is an unknown value
R10=0x0000000000000010 is an unknown value
R11=0x00007f8ecea00000 is an unknown value
R12=0x0000000000018fe0 is an unknown value
R13=0x0000000111c06000 is an unknown value
R14=0x00007f8eca4788b0 is an unknown value
R15=0x00007f8ecec23350 is an unknown value


Stack: [0x0000000117493000,0x0000000117593000],  sp=0x0000000117590a50,  free space=1014k
Native frames: (J=compiled Java code, j=interpreted, Vv=VM code, C=native code)
C  [libzip.dylib+0x30b7]  newEntry+0x154
C  [libzip.dylib+0x3725]  ZIP_GetEntry+0xa2
C  [libzip.dylib+0x2570]  Java_java_util_zip_ZipFile_getEntry+0xdd
J 114  java.util.zip.ZipFile.getEntry(J[BZ)J (0 bytes) @ 0x000000010523be8e [0x000000010523bdc0+0xce]

Java frames: (J=compiled Java code, j=interpreted, Vv=VM code)
J 114  java.util.zip.ZipFile.getEntry(J[BZ)J (0 bytes) @ 0x000000010523be18 [0x000000010523bdc0+0x58]
J 118 C2 java.util.jar.JarFile.getEntry(Ljava/lang/String;)Ljava/util/zip/ZipEntry; (22 bytes) @ 0x0000000105247b28 [0x0000000105247a60+0xc8]
J 692 C2 org.apache.catalina.webresources.AbstractArchiveResource.getContent()[B (305 bytes) @ 0x000000010540d24c [0x000000010540d0e0+0x16c]
j  org.apache.catalina.loader.WebappClassLoaderBase.findResourceInternal(Ljava/lang/String;Ljava/lang/String;Z)Lorg/apache/catalina/loader/ResourceEntry;+211
j  org.apache.catalina.loader.WebappClassLoaderBase.findClassInternal(Ljava/lang/String;)Ljava/lang/Class;+45
j  org.apache.catalina.loader.WebappClassLoaderBase.findClass(Ljava/lang/String;)Ljava/lang/Class;+183
j  org.apache.catalina.loader.WebappClassLoaderBase.loadClass(Ljava/lang/String;Z)Ljava/lang/Class;+473
j  org.apache.catalina.loader.WebappClassLoaderBase.loadClass(Ljava/lang/String;)Ljava/lang/Class;+3
v  ~StubRoutines::call_stub
j  java.lang.Class.getDeclaredMethods0(Z)[Ljava/lang/reflect/Method;+0
j  java.lang.Class.privateGetDeclaredMethods(Z)[Ljava/lang/reflect/Method;+37
j  java.lang.Class.getDeclaredMethods()[Ljava/lang/reflect/Method;+11
j  com.google.inject.internal.ProviderMethodsModule.getProviderMethods(Lcom/google/inject/Binder;)Ljava/util/List;+19
j  com.google.inject.internal.ProviderMethodsModule.configure(Lcom/google/inject/Binder;)V+2
j  com.google.inject.spi.Elements$RecordingBinder.install(Lcom/google/inject/Module;)V+31
j  com.google.inject.spi.Elements$RecordingBinder.install(Lcom/google/inject/Module;)V+81
j  com.google.inject.spi.Elements.getElements(Lcom/google/inject/Stage;Ljava/lang/Iterable;)Ljava/util/List;+40
j  com.google.inject.internal.InjectorShell$Builder.build(Lcom/google/inject/internal/Initializer;Lcom/google/inject/internal/ProcessedBindingData;Lcom/google/inject/internal/util/Stopwatch;Lcom/google/inject/internal/Errors;)Ljava/util/List;+95
j  com.google.inject.internal.InternalInjectorCreator.build()Lcom/google/inject/Injector;+48
j  com.google.inject.Guice.createInjector(Lcom/google/inject/Stage;Ljava/lang/Iterable;)Lcom/google/inject/Injector;+15
j  com.google.inject.Guice.createInjector(Ljava/lang/Iterable;)Lcom/google/inject/Injector;+4
j  com.google.inject.Guice.createInjector([Lcom/google/inject/Module;)Lcom/google/inject/Injector;+4
j  org.semanticweb.owlapi.apibinding.OWLManager.<clinit>()V+44
v  ~StubRoutines::call_stub
j  edu.cornell.mannlib.vitro.webapp.tboxreasoner.impl.jfact.JFactTBoxReasoner.copyModelToOntology(Lcom/hp/hpl/jena/rdf/model/Model;)Lorg/semanticweb/owlapi/model/OWLOntology;+30
j  edu.cornell.mannlib.vitro.webapp.tboxreasoner.impl.jfact.JFactTBoxReasoner.performReasoning()Ledu/cornell/mannlib/vitro/webapp/tboxreasoner/TBoxReasoner$Status;+5
j  edu.cornell.mannlib.vitro.webapp.tboxreasoner.impl.BasicTBoxReasonerDriver$ReasoningTask.run()V+31
j  java.util.concurrent.ThreadPoolExecutor.runWorker(Ljava/util/concurrent/ThreadPoolExecutor$Worker;)V+95
j  java.util.concurrent.ThreadPoolExecutor$Worker.run()V+5
j  java.lang.Thread.run()V+11
v  ~StubRoutines::call_stub

---------------  P R O C E S S  ---------------

Java Threads: ( => current thread )
=>0x00007f8ecb572800 JavaThread "TBoxReasoner_0" daemon [_thread_in_native, id=38419, stack(0x0000000117493000,0x0000000117593000)]
  0x00007f8ecc4d8000 JavaThread "C3P0PooledConnectionPoolManager-Helper Thread-#5" daemon [_thread_blocked, id=53763, stack(0x00000001171ff000,0x00000001172ff000)]
  0x00007f8ecc611800 JavaThread "C3P0PooledConnectionPoolManager-Helper Thread-#4" daemon [_thread_blocked, id=53251, stack(0x00000001170fc000,0x00000001171fc000)]
  0x00007f8ecc0c2800 JavaThread "C3P0PooledConnectionPoolManager-Helper Thread-#3" daemon [_thread_blocked, id=52739, stack(0x0000000116ff9000,0x00000001170f9000)]
  0x00007f8ecc20c800 JavaThread "C3P0PooledConnectionPoolManager-Helper Thread-#2" daemon [_thread_blocked, id=52227, stack(0x0000000116ef6000,0x0000000116ff6000)]
  0x00007f8ecd2e1800 JavaThread "C3P0PooledConnectionPoolManager-Helper Thread-#1" daemon [_thread_blocked, id=51715, stack(0x0000000116df3000,0x0000000116ef3000)]
  0x00007f8ecc0ca000 JavaThread "C3P0PooledConnectionPoolManager-Helper Thread-#0" daemon [_thread_blocked, id=51203, stack(0x0000000116cf0000,0x0000000116df0000)]
  0x00007f8ecba38800 JavaThread "C3P0PooledConnectionPoolManager-AdminTaskTimer" daemon [_thread_blocked, id=50707, stack(0x0000000116bed000,0x0000000116ced000)]
  0x00007f8ecb699000 JavaThread "Abandoned connection cleanup thread" daemon [_thread_blocked, id=49419, stack(0x0000000116aea000,0x0000000116bea000)]
  0x00007f8ecc885000 JavaThread "AWT-AppKit" daemon [_thread_in_native, id=1299, stack(0x00007fff5bed1000,0x00007fff5bf51000)]
  0x00007f8ecc074800 JavaThread "localhost-startStop-1" daemon [_thread_blocked, id=20227, stack(0x000000011277e000,0x000000011287e000)]
  0x00007f8ecb291800 JavaThread "Catalina-startStop-1" daemon [_thread_blocked, id=19715, stack(0x0000000112505000,0x0000000112605000)]
  0x00007f8ecb02c800 JavaThread "GC Daemon" daemon [_thread_blocked, id=19203, stack(0x000000011200f000,0x000000011210f000)]
  0x00007f8eca845800 JavaThread "AsyncFileHandlerWriter-354462166" daemon [_thread_blocked, id=18691, stack(0x00000001119f7000,0x0000000111af7000)]
  0x00007f8eca848000 JavaThread "Service Thread" daemon [_thread_blocked, id=17667, stack(0x00000001117ed000,0x00000001118ed000)]
  0x00007f8ecc006000 JavaThread "C2 CompilerThread1" daemon [_thread_in_native, id=17155, stack(0x00000001116ea000,0x00000001117ea000)]
  0x00007f8ecc004000 JavaThread "C2 CompilerThread0" daemon [_thread_blocked, id=16643, stack(0x00000001115e7000,0x00000001116e7000)]
  0x00007f8ecb02b800 JavaThread "Signal Dispatcher" daemon [_thread_blocked, id=13331, stack(0x00000001114e4000,0x00000001115e4000)]
  0x00007f8ecb016800 JavaThread "Finalizer" daemon [_thread_blocked, id=11523, stack(0x000000010fbb9000,0x000000010fcb9000)]
  0x00007f8ecb016000 JavaThread "Reference Handler" daemon [_thread_blocked, id=11011, stack(0x000000010fab6000,0x000000010fbb6000)]
  0x00007f8ecb007000 JavaThread "main" [_thread_blocked, id=4867, stack(0x0000000105064000,0x0000000105164000)]

Other Threads:
  0x00007f8eca844000 VMThread [stack: 0x000000010f9b3000,0x000000010fab3000] [id=10499]
  0x00007f8eca84a000 WatcherThread [stack: 0x00000001118f0000,0x00000001119f0000] [id=18179]

VM state:not at safepoint (normal execution)

VM Mutex/Monitor currently owned by a thread: None

Heap
 PSYoungGen      total 745472K, used 29776K [0x00000007caa80000, 0x0000000800000000, 0x0000000800000000)
  eden space 681472K, 3% used [0x00000007caa80000,0x00000007cc44c118,0x00000007f4400000)
  from space 64000K, 5% used [0x00000007f4400000,0x00000007f4748000,0x00000007f8280000)
  to   space 64512K, 0% used [0x00000007fc100000,0x00000007fc100000,0x0000000800000000)
 ParOldGen       total 184832K, used 133789K [0x0000000760000000, 0x000000076b480000, 0x00000007caa80000)
  object space 184832K, 72% used [0x0000000760000000,0x00000007682a77f0,0x000000076b480000)
 PSPermGen       total 41472K, used 41008K [0x000000075ae00000, 0x000000075d680000, 0x0000000760000000)
  object space 41472K, 98% used [0x000000075ae00000,0x000000075d60c370,0x000000075d680000)

Card table byte_map: [0x0000000108256000,0x0000000108780000] byte_map_base: 0x000000010477f000

Polling page: 0x0000000103dd1000

Code Cache  [0x0000000105196000, 0x0000000105776000, 0x0000000108196000)
 total_blobs=2504 nmethods=2050 adapters=406 free_code_cache=43256Kb largest_free_block=44183168

Compilation events (10 events):
Event: 51.641 Thread 0x00007f8ecc006000 nmethod 2276 0x000000010575cad0 code [0x000000010575cc60, 0x000000010575cdf0]
Event: 51.642 Thread 0x00007f8ecc004000 2277             org.apache.jena.riot.tokens.Token::setImage2 (7 bytes)
Event: 51.643 Thread 0x00007f8ecc004000 nmethod 2277 0x000000010575b890 code [0x000000010575b9c0, 0x000000010575ba38]
Event: 51.706 Thread 0x00007f8ecc006000 2278             com.hp.hpl.jena.sparql.resultset.ResultSetApply::apply (130 bytes)
Event: 51.768 Thread 0x00007f8ecc004000 2279             java.util.HashMap::clear (24 bytes)
Event: 51.769 Thread 0x00007f8ecc004000 nmethod 2279 0x000000010575c850 code [0x000000010575c9a0, 0x000000010575ca48]
Event: 52.130 Thread 0x00007f8ecc004000 2280   !         sun.reflect.generics.parser.SignatureParser::current (40 bytes)
Event: 52.131 Thread 0x00007f8ecc004000 nmethod 2280 0x000000010575c610 code [0x000000010575c740, 0x000000010575c7d8]
Event: 52.197 Thread 0x00007f8ecc004000 2281             java.io.DataOutputStream::incCount (20 bytes)
Event: 52.198 Thread 0x00007f8ecc004000 nmethod 2281 0x000000010575c410 code [0x000000010575c540, 0x000000010575c5b8]

GC Heap History (10 events):
Event: 8.162 GC heap before
{Heap before GC invocations=10 (full 0):
 PSYoungGen      total 358400K, used 358381K [0x00000007caa80000, 0x00000007f0a00000, 0x0000000800000000)
  eden space 326656K, 100% used [0x00000007caa80000,0x00000007de980000,0x00000007de980000)
  from space 31744K, 99% used [0x00000007de980000,0x00000007e087b630,0x00000007e0880000)
  to   space 49664K, 0% used [0x00000007ed980000,0x00000007ed980000,0x00000007f0a00000)
 ParOldGen       total 109056K, used 76722K [0x0000000760000000, 0x0000000766a80000, 0x00000007caa80000)
  object space 109056K, 70% used [0x0000000760000000,0x0000000764aeca00,0x0000000766a80000)
 PSPermGen       total 21504K, used 14534K [0x000000075ae00000, 0x000000075c300000, 0x0000000760000000)
  object space 21504K, 67% used [0x000000075ae00000,0x000000075bc318f0,0x000000075c300000)
Event: 8.241 GC heap after
Heap after GC invocations=10 (full 0):
 PSYoungGen      total 557056K, used 49657K [0x00000007caa80000, 0x00000007f2800000, 0x0000000800000000)
  eden space 507392K, 0% used [0x00000007caa80000,0x00000007caa80000,0x00000007e9a00000)
  from space 49664K, 99% used [0x00000007ed980000,0x00000007f09fe5d0,0x00000007f0a00000)
  to   space 65024K, 0% used [0x00000007e9a00000,0x00000007e9a00000,0x00000007ed980000)
 ParOldGen       total 109056K, used 98313K [0x0000000760000000, 0x0000000766a80000, 0x00000007caa80000)
  object space 109056K, 90% used [0x0000000760000000,0x00000007660025a0,0x0000000766a80000)
 PSPermGen       total 21504K, used 14534K [0x000000075ae00000, 0x000000075c300000, 0x0000000760000000)
  object space 21504K, 67% used [0x000000075ae00000,0x000000075bc318f0,0x000000075c300000)
}
Event: 8.241 GC heap before
{Heap before GC invocations=11 (full 1):
 PSYoungGen      total 557056K, used 49657K [0x00000007caa80000, 0x00000007f2800000, 0x0000000800000000)
  eden space 507392K, 0% used [0x00000007caa80000,0x00000007caa80000,0x00000007e9a00000)
  from space 49664K, 99% used [0x00000007ed980000,0x00000007f09fe5d0,0x00000007f0a00000)
  to   space 65024K, 0% used [0x00000007e9a00000,0x00000007e9a00000,0x00000007ed980000)
 ParOldGen       total 109056K, used 98313K [0x0000000760000000, 0x0000000766a80000, 0x00000007caa80000)
  object space 109056K, 90% used [0x0000000760000000,0x00000007660025a0,0x0000000766a80000)
 PSPermGen       total 21504K, used 14534K [0x000000075ae00000, 0x000000075c300000, 0x0000000760000000)
  object space 21504K, 67% used [0x000000075ae00000,0x000000075bc318f0,0x000000075c300000)
Event: 8.417 GC heap after
Heap after GC invocations=11 (full 1):
 PSYoungGen      total 557056K, used 0K [0x00000007caa80000, 0x00000007f2800000, 0x0000000800000000)
  eden space 507392K, 0% used [0x00000007caa80000,0x00000007caa80000,0x00000007e9a00000)
  from space 49664K, 0% used [0x00000007ed980000,0x00000007ed980000,0x00000007f0a00000)
  to   space 65024K, 0% used [0x00000007e9a00000,0x00000007e9a00000,0x00000007ed980000)
 ParOldGen       total 184832K, used 102746K [0x0000000760000000, 0x000000076b480000, 0x00000007caa80000)
  object space 184832K, 55% used [0x0000000760000000,0x0000000766456b00,0x000000076b480000)
 PSPermGen       total 29184K, used 14529K [0x000000075ae00000, 0x000000075ca80000, 0x0000000760000000)
  object space 29184K, 49% used [0x000000075ae00000,0x000000075bc306f8,0x000000075ca80000)
}
Event: 12.985 GC heap before
{Heap before GC invocations=12 (full 1):
 PSYoungGen      total 557056K, used 507392K [0x00000007caa80000, 0x00000007f2800000, 0x0000000800000000)
  eden space 507392K, 100% used [0x00000007caa80000,0x00000007e9a00000,0x00000007e9a00000)
  from space 49664K, 0% used [0x00000007ed980000,0x00000007ed980000,0x00000007f0a00000)
  to   space 65024K, 0% used [0x00000007e9a00000,0x00000007e9a00000,0x00000007ed980000)
 ParOldGen       total 184832K, used 102746K [0x0000000760000000, 0x000000076b480000, 0x00000007caa80000)
  object space 184832K, 55% used [0x0000000760000000,0x0000000766456b00,0x000000076b480000)
 PSPermGen       total 34304K, used 34087K [0x000000075ae00000, 0x000000075cf80000, 0x0000000760000000)
  object space 34304K, 99% used [0x000000075ae00000,0x000000075cf49fc0,0x000000075cf80000)
Event: 13.025 GC heap after
Heap after GC invocations=12 (full 1):
 PSYoungGen      total 572416K, used 42623K [0x00000007caa80000, 0x00000007fda00000, 0x0000000800000000)
  eden space 507392K, 0% used [0x00000007caa80000,0x00000007caa80000,0x00000007e9a00000)
  from space 65024K, 65% used [0x00000007e9a00000,0x00000007ec39fcf8,0x00000007ed980000)
  to   space 67072K, 0% used [0x00000007f9880000,0x00000007f9880000,0x00000007fda00000)
 ParOldGen       total 184832K, used 102754K [0x0000000760000000, 0x000000076b480000, 0x00000007caa80000)
  object space 184832K, 55% used [0x0000000760000000,0x0000000766458b00,0x000000076b480000)
 PSPermGen       total 34304K, used 34087K [0x000000075ae00000, 0x000000075cf80000, 0x0000000760000000)
  object space 34304K, 99% used [0x000000075ae00000,0x000000075cf49fc0,0x000000075cf80000)
}
Event: 31.368 GC heap before
{Heap before GC invocations=13 (full 1):
 PSYoungGen      total 572416K, used 550015K [0x00000007caa80000, 0x00000007fda00000, 0x0000000800000000)
  eden space 507392K, 100% used [0x00000007caa80000,0x00000007e9a00000,0x00000007e9a00000)
  from space 65024K, 65% used [0x00000007e9a00000,0x00000007ec39fcf8,0x00000007ed980000)
  to   space 67072K, 0% used [0x00000007f9880000,0x00000007f9880000,0x00000007fda00000)
 ParOldGen       total 184832K, used 102754K [0x0000000760000000, 0x000000076b480000, 0x00000007caa80000)
  object space 184832K, 55% used [0x0000000760000000,0x0000000766458b00,0x000000076b480000)
 PSPermGen       total 38400K, used 38294K [0x000000075ae00000, 0x000000075d380000, 0x0000000760000000)
  object space 38400K, 99% used [0x000000075ae00000,0x000000075d365b88,0x000000075d380000)
Event: 31.423 GC heap after
Heap after GC invocations=13 (full 1):
 PSYoungGen      total 722944K, used 29711K [0x00000007caa80000, 0x00000007fc100000, 0x0000000800000000)
  eden space 681472K, 0% used [0x00000007caa80000,0x00000007caa80000,0x00000007f4400000)
  from space 41472K, 71% used [0x00000007f9880000,0x00000007fb583f90,0x00000007fc100000)
  to   space 64000K, 0% used [0x00000007f4400000,0x00000007f4400000,0x00000007f8280000)
 ParOldGen       total 184832K, used 122607K [0x0000000760000000, 0x000000076b480000, 0x00000007caa80000)
  object space 184832K, 66% used [0x0000000760000000,0x00000007677bbdf8,0x000000076b480000)
 PSPermGen       total 38400K, used 38294K [0x000000075ae00000, 0x000000075d380000, 0x0000000760000000)
  object space 38400K, 99% used [0x000000075ae00000,0x000000075d365b88,0x000000075d380000)
}
Event: 51.826 GC heap before
{Heap before GC invocations=14 (full 1):
 PSYoungGen      total 722944K, used 711183K [0x00000007caa80000, 0x00000007fc100000, 0x0000000800000000)
  eden space 681472K, 100% used [0x00000007caa80000,0x00000007f4400000,0x00000007f4400000)
  from space 41472K, 71% used [0x00000007f9880000,0x00000007fb583f90,0x00000007fc100000)
  to   space 64000K, 0% used [0x00000007f4400000,0x00000007f4400000,0x00000007f8280000)
 ParOldGen       total 184832K, used 122607K [0x0000000760000000, 0x000000076b480000, 0x00000007caa80000)
  object space 184832K, 66% used [0x0000000760000000,0x00000007677bbdf8,0x000000076b480000)
 PSPermGen       total 39936K, used 39671K [0x000000075ae00000, 0x000000075d500000, 0x0000000760000000)
  object space 39936K, 99% used [0x000000075ae00000,0x000000075d4bdeb8,0x000000075d500000)
Event: 51.852 GC heap after
Heap after GC invocations=14 (full 1):
 PSYoungGen      total 745472K, used 3360K [0x00000007caa80000, 0x0000000800000000, 0x0000000800000000)
  eden space 681472K, 0% used [0x00000007caa80000,0x00000007caa80000,0x00000007f4400000)
  from space 64000K, 5% used [0x00000007f4400000,0x00000007f4748000,0x00000007f8280000)
  to   space 64512K, 0% used [0x00000007fc100000,0x00000007fc100000,0x0000000800000000)
 ParOldGen       total 184832K, used 133789K [0x0000000760000000, 0x000000076b480000, 0x00000007caa80000)
  object space 184832K, 72% used [0x0000000760000000,0x00000007682a77f0,0x000000076b480000)
 PSPermGen       total 39936K, used 39671K [0x000000075ae00000, 0x000000075d500000, 0x0000000760000000)
  object space 39936K, 99% used [0x000000075ae00000,0x000000075d4bdeb8,0x000000075d500000)
}

Deoptimization events (10 events):
Event: 51.807 Thread 0x00007f8ecb572800 Uncommon trap: reason=class_check action=maybe_recompile pc=0x000000010573a234 method=java.util.regex.Pattern$Node.study(Ljava/util/regex/Pattern$TreeInfo;)Z @ 12
Event: 51.811 Thread 0x00007f8ecb572800 Uncommon trap: reason=class_check action=maybe_recompile pc=0x0000000105664d90 method=com.hp.hpl.jena.util.iterator.Map1Iterator.next()Ljava/lang/Object; @ 13
Event: 51.811 Thread 0x00007f8ecb572800 Uncommon trap: reason=class_check action=maybe_recompile pc=0x0000000105664d90 method=com.hp.hpl.jena.util.iterator.Map1Iterator.next()Ljava/lang/Object; @ 13
Event: 51.812 Thread 0x00007f8ecb572800 Uncommon trap: reason=class_check action=maybe_recompile pc=0x000000010565c530 method=org.apache.jena.iri.impl.AbsIRIImpl.hasViolation(Z)Z @ 2
Event: 51.813 Thread 0x00007f8ecb572800 Uncommon trap: reason=class_check action=maybe_recompile pc=0x000000010565c530 method=org.apache.jena.iri.impl.AbsIRIImpl.hasViolation(Z)Z @ 2
Event: 51.853 Thread 0x00007f8ecb016800 Uncommon trap: reason=unreached action=reinterpret pc=0x000000010530b71c method=java.lang.ref.Finalizer.remove()V @ 10
Event: 51.874 Thread 0x00007f8ecb572800 Uncommon trap: reason=unreached action=reinterpret pc=0x000000010542d6b8 method=java.lang.ThreadLocal$ThreadLocalMap.getEntryAfterMiss(Ljava/lang/ThreadLocal;ILjava/lang/ThreadLocal$ThreadLocalMap$Entry;)Ljava/lang/ThreadLocal$ThreadLocalMap$Entry; @ 12
Event: 52.101 Thread 0x00007f8ecb572800 Uncommon trap: reason=predicate action=maybe_recompile pc=0x000000010545bf80 method=java.util.Arrays$ArrayList.indexOf(Ljava/lang/Object;)I @ 46
Event: 52.101 Thread 0x00007f8ecb572800 Uncommon trap: reason=predicate action=maybe_recompile pc=0x000000010544a0b8 method=java.util.Arrays$ArrayList.indexOf(Ljava/lang/Object;)I @ 46
Event: 52.173 Thread 0x00007f8ecb572800 Uncommon trap: reason=unreached action=reinterpret pc=0x00000001056d089c method=java.util.Arrays.copyOf([Ljava/lang/Object;ILjava/lang/Class;)[Ljava/lang/Object; @ 4

Internal exceptions (10 events):
Event: 42.198 Thread 0x00007f8ecc074800 Implicit null exception at 0x00000001057012e7 to 0x00000001057015c8
Event: 50.466 Thread 0x00007f8ecc074800 Threw 0x00000007f267dbd8 at /HUDSON/workspace/7u-2-build-macosx-x86_64/jdk7u79/2331/hotspot/src/share/vm/prims/jni.cpp:717
Event: 50.467 Thread 0x00007f8ecc074800 Threw 0x00000007f267e818 at /HUDSON/workspace/7u-2-build-macosx-x86_64/jdk7u79/2331/hotspot/src/share/vm/prims/jni.cpp:717
Event: 50.467 Thread 0x00007f8ecc074800 Threw 0x00000007f2680218 at /HUDSON/workspace/7u-2-build-macosx-x86_64/jdk7u79/2331/hotspot/src/share/vm/prims/jni.cpp:717
Event: 51.479 Thread 0x00007f8ecc074800 Threw 0x00000007f2767020 at /HUDSON/workspace/7u-2-build-macosx-x86_64/jdk7u79/2331/hotspot/src/share/vm/prims/jni.cpp:717
Event: 51.479 Thread 0x00007f8ecc074800 Threw 0x00000007f2767420 at /HUDSON/workspace/7u-2-build-macosx-x86_64/jdk7u79/2331/hotspot/src/share/vm/prims/jni.cpp:717
Event: 51.479 Thread 0x00007f8ecc074800 Threw 0x00000007f27677d8 at /HUDSON/workspace/7u-2-build-macosx-x86_64/jdk7u79/2331/hotspot/src/share/vm/prims/jni.cpp:717
Event: 51.666 Thread 0x00007f8ecc074800 Implicit null exception at 0x00000001054bf25e to 0x00000001054c021d
Event: 52.130 Thread 0x00007f8ecb572800 Threw 0x00000007cc115ac0 at /HUDSON/workspace/7u-2-build-macosx-x86_64/jdk7u79/2331/hotspot/src/share/vm/interpreter/interpreterRuntime.cpp:347
Event: 52.131 Thread 0x00007f8ecb572800 Threw 0x00000007cc1169c8 at /HUDSON/workspace/7u-2-build-macosx-x86_64/jdk7u79/2331/hotspot/src/share/vm/interpreter/interpreterRuntime.cpp:347

Events (10 events):
Event: 52.101 Thread 0x00007f8ecb572800 DEOPT PACKING pc=0x000000010545bf80 sp=0x0000000117591400
Event: 52.101 Thread 0x00007f8ecb572800 DEOPT UNPACKING pc=0x00000001051cf045 sp=0x0000000117591378 mode 2
Event: 52.101 Thread 0x00007f8ecb572800 Uncommon trap: trap_request=0xffffff86 fr.pc=0x000000010544a0b8
Event: 52.101 Thread 0x00007f8ecb572800 DEOPT PACKING pc=0x000000010544a0b8 sp=0x00000001175913a0
Event: 52.101 Thread 0x00007f8ecb572800 DEOPT UNPACKING pc=0x00000001051cf045 sp=0x0000000117591378 mode 2
Event: 52.173 Thread 0x00007f8ecb572800 Uncommon trap: trap_request=0xffffffad fr.pc=0x00000001056d089c
Event: 52.173 Thread 0x00007f8ecb572800 DEOPT PACKING pc=0x00000001056d089c sp=0x00000001175918f0
Event: 52.173 Thread 0x00007f8ecb572800 DEOPT UNPACKING pc=0x00000001051cf045 sp=0x00000001175918b8 mode 2
Event: 52.175 loading class 0x00007f8ecec220d0
Event: 52.175 loading class 0x00007f8ecec220d0 done


Dynamic libraries:
0x00000000044ca000 	/System/Library/Frameworks/Cocoa.framework/Versions/A/Cocoa
0x00000000044ca000 	/System/Library/Frameworks/Security.framework/Versions/A/Security
0x00000000044ca000 	/System/Library/Frameworks/ApplicationServices.framework/Versions/A/ApplicationServices
0x00000000044ca000 	/usr/lib/libz.1.dylib
0x00000000044ca000 	/usr/lib/libSystem.B.dylib
0x00000000044ca000 	/usr/lib/libobjc.A.dylib
0x00000000044ca000 	/System/Library/Frameworks/CoreFoundation.framework/Versions/A/CoreFoundation
0x00000000044ca000 	/System/Library/Frameworks/Foundation.framework/Versions/C/Foundation
0x00000000044ca000 	/System/Library/Frameworks/AppKit.framework/Versions/C/AppKit
0x00000000044ca000 	/System/Library/Frameworks/CoreData.framework/Versions/A/CoreData
0x00000000044ca000 	/System/Library/PrivateFrameworks/RemoteViewServices.framework/Versions/A/RemoteViewServices
0x00000000044ca000 	/System/Library/PrivateFrameworks/UIFoundation.framework/Versions/A/UIFoundation
0x00000000044ca000 	/System/Library/Frameworks/IOSurface.framework/Versions/A/IOSurface
0x00000000044ca000 	/System/Library/Frameworks/AudioToolbox.framework/Versions/A/AudioToolbox
0x00000000044ca000 	/System/Library/Frameworks/AudioUnit.framework/Versions/A/AudioUnit
0x00000000044ca000 	/System/Library/PrivateFrameworks/DataDetectorsCore.framework/Versions/A/DataDetectorsCore
0x00000000044ca000 	/System/Library/PrivateFrameworks/DesktopServicesPriv.framework/Versions/A/DesktopServicesPriv
0x00000000044ca000 	/System/Library/Frameworks/Carbon.framework/Versions/A/Frameworks/HIToolbox.framework/Versions/A/HIToolbox
0x00000000044ca000 	/System/Library/Frameworks/QuartzCore.framework/Versions/A/QuartzCore
0x00000000044ca000 	/System/Library/Frameworks/Carbon.framework/Versions/A/Frameworks/SpeechRecognition.framework/Versions/A/SpeechRecognition
0x00000000044ca000 	/usr/lib/libauto.dylib
0x00000000044ca000 	/usr/lib/libicucore.A.dylib
0x00000000044ca000 	/usr/lib/libxml2.2.dylib
0x00000000044ca000 	/System/Library/PrivateFrameworks/CoreUI.framework/Versions/A/CoreUI
0x00000000044ca000 	/System/Library/Frameworks/CoreAudio.framework/Versions/A/CoreAudio
0x00000000044ca000 	/System/Library/Frameworks/DiskArbitration.framework/Versions/A/DiskArbitration
0x00000000044ca000 	/usr/lib/liblangid.dylib
0x00000000044ca000 	/System/Library/PrivateFrameworks/MultitouchSupport.framework/Versions/A/MultitouchSupport
0x00000000044ca000 	/System/Library/Frameworks/IOKit.framework/Versions/A/IOKit
0x00000000044ca000 	/usr/lib/libDiagnosticMessagesClient.dylib
0x00000000044ca000 	/System/Library/Frameworks/CoreServices.framework/Versions/A/CoreServices
0x00000000044ca000 	/System/Library/PrivateFrameworks/PerformanceAnalysis.framework/Versions/A/PerformanceAnalysis
0x00000000044ca000 	/System/Library/PrivateFrameworks/GenerationalStorage.framework/Versions/A/GenerationalStorage
0x00000000044ca000 	/System/Library/Frameworks/OpenGL.framework/Versions/A/OpenGL
0x00000000044ca000 	/System/Library/PrivateFrameworks/Sharing.framework/Versions/A/Sharing
0x00000000044ca000 	/System/Library/Frameworks/CoreGraphics.framework/Versions/A/CoreGraphics
0x00000000044ca000 	/System/Library/Frameworks/CoreText.framework/Versions/A/CoreText
0x00000000044ca000 	/System/Library/Frameworks/ImageIO.framework/Versions/A/ImageIO
0x00000000044ca000 	/usr/lib/libextension.dylib
0x00000000044ca000 	/System/Library/PrivateFrameworks/Backup.framework/Versions/A/Backup
0x00000000044ca000 	/usr/lib/libarchive.2.dylib
0x00000000044ca000 	/System/Library/Frameworks/CFNetwork.framework/Versions/A/CFNetwork
0x00000000044ca000 	/System/Library/Frameworks/SystemConfiguration.framework/Versions/A/SystemConfiguration
0x00000000044ca000 	/usr/lib/libCRFSuite.dylib
0x00000000044ca000 	/usr/lib/libc++.1.dylib
0x00000000044ca000 	/usr/lib/libc++abi.dylib
0x00000000044ca000 	/usr/lib/system/libcache.dylib
0x00000000044ca000 	/usr/lib/system/libcommonCrypto.dylib
0x00000000044ca000 	/usr/lib/system/libcompiler_rt.dylib
0x00000000044ca000 	/usr/lib/system/libcopyfile.dylib
0x00000000044ca000 	/usr/lib/system/libcorecrypto.dylib
0x00000000044ca000 	/usr/lib/system/libdispatch.dylib
0x00000000044ca000 	/usr/lib/system/libdyld.dylib
0x00000000044ca000 	/usr/lib/system/libkeymgr.dylib
0x00000000044ca000 	/usr/lib/system/liblaunch.dylib
0x00000000044ca000 	/usr/lib/system/libmacho.dylib
0x00000000044ca000 	/usr/lib/system/libquarantine.dylib
0x00000000044ca000 	/usr/lib/system/libremovefile.dylib
0x00000000044ca000 	/usr/lib/system/libsystem_asl.dylib
0x00000000044ca000 	/usr/lib/system/libsystem_blocks.dylib
0x00000000044ca000 	/usr/lib/system/libsystem_c.dylib
0x00000000044ca000 	/usr/lib/system/libsystem_configuration.dylib
0x00000000044ca000 	/usr/lib/system/libsystem_coreservices.dylib
0x00000000044ca000 	/usr/lib/system/libsystem_coretls.dylib
0x00000000044ca000 	/usr/lib/system/libsystem_dnssd.dylib
0x00000000044ca000 	/usr/lib/system/libsystem_info.dylib
0x00000000044ca000 	/usr/lib/system/libsystem_kernel.dylib
0x00000000044ca000 	/usr/lib/system/libsystem_m.dylib
0x00000000044ca000 	/usr/lib/system/libsystem_malloc.dylib
0x00000000044ca000 	/usr/lib/system/libsystem_network.dylib
0x00000000044ca000 	/usr/lib/system/libsystem_networkextension.dylib
0x00000000044ca000 	/usr/lib/system/libsystem_notify.dylib
0x00000000044ca000 	/usr/lib/system/libsystem_platform.dylib
0x00000000044ca000 	/usr/lib/system/libsystem_pthread.dylib
0x00000000044ca000 	/usr/lib/system/libsystem_sandbox.dylib
0x00000000044ca000 	/usr/lib/system/libsystem_secinit.dylib
0x00000000044ca000 	/usr/lib/system/libsystem_stats.dylib
0x00000000044ca000 	/usr/lib/system/libsystem_trace.dylib
0x00000000044ca000 	/usr/lib/system/libunc.dylib
0x00000000044ca000 	/usr/lib/system/libunwind.dylib
0x00000000044ca000 	/usr/lib/system/libxpc.dylib
0x00000000044ca000 	/usr/lib/libbz2.1.0.dylib
0x00000000044ca000 	/usr/lib/liblzma.5.dylib
0x00000000044ca000 	/usr/lib/libbsm.0.dylib
0x00000000044ca000 	/usr/lib/libsqlite3.dylib
0x00000000044ca000 	/usr/lib/system/libkxld.dylib
0x00000000044ca000 	/usr/lib/libxar.1.dylib
0x00000000044ca000 	/usr/lib/libpam.2.dylib
0x00000000044ca000 	/usr/lib/libOpenScriptingUtil.dylib
0x00000000044ca000 	/System/Library/Frameworks/CoreServices.framework/Versions/A/Frameworks/FSEvents.framework/Versions/A/FSEvents
0x00000000044ca000 	/System/Library/Frameworks/CoreServices.framework/Versions/A/Frameworks/CarbonCore.framework/Versions/A/CarbonCore
0x00000000044ca000 	/System/Library/Frameworks/CoreServices.framework/Versions/A/Frameworks/Metadata.framework/Versions/A/Metadata
0x00000000044ca000 	/System/Library/Frameworks/CoreServices.framework/Versions/A/Frameworks/OSServices.framework/Versions/A/OSServices
0x00000000044ca000 	/System/Library/Frameworks/CoreServices.framework/Versions/A/Frameworks/SearchKit.framework/Versions/A/SearchKit
0x00000000044ca000 	/System/Library/Frameworks/CoreServices.framework/Versions/A/Frameworks/AE.framework/Versions/A/AE
0x00000000044ca000 	/System/Library/Frameworks/CoreServices.framework/Versions/A/Frameworks/LaunchServices.framework/Versions/A/LaunchServices
0x00000000044ca000 	/System/Library/Frameworks/CoreServices.framework/Versions/A/Frameworks/DictionaryServices.framework/Versions/A/DictionaryServices
0x00000000044ca000 	/System/Library/Frameworks/NetFS.framework/Versions/A/NetFS
0x00000000044ca000 	/System/Library/PrivateFrameworks/NetAuth.framework/Versions/A/NetAuth
0x00000000044ca000 	/System/Library/PrivateFrameworks/login.framework/Versions/A/Frameworks/loginsupport.framework/Versions/A/loginsupport
0x00000000044ca000 	/System/Library/PrivateFrameworks/TCC.framework/Versions/A/TCC
0x00000000044ca000 	/usr/lib/libmecabra.dylib
0x00000000044ca000 	/System/Library/Frameworks/ApplicationServices.framework/Versions/A/Frameworks/ATS.framework/Versions/A/ATS
0x00000000044ca000 	/System/Library/Frameworks/ApplicationServices.framework/Versions/A/Frameworks/ColorSync.framework/Versions/A/ColorSync
0x00000000044ca000 	/System/Library/Frameworks/ApplicationServices.framework/Versions/A/Frameworks/HIServices.framework/Versions/A/HIServices
0x00000000044ca000 	/System/Library/Frameworks/ApplicationServices.framework/Versions/A/Frameworks/LangAnalysis.framework/Versions/A/LangAnalysis
0x00000000044ca000 	/System/Library/Frameworks/ApplicationServices.framework/Versions/A/Frameworks/PrintCore.framework/Versions/A/PrintCore
0x00000000044ca000 	/System/Library/Frameworks/ApplicationServices.framework/Versions/A/Frameworks/QD.framework/Versions/A/QD
0x00000000044ca000 	/System/Library/Frameworks/ApplicationServices.framework/Versions/A/Frameworks/SpeechSynthesis.framework/Versions/A/SpeechSynthesis
0x00000000044ca000 	/System/Library/Frameworks/Accelerate.framework/Versions/A/Accelerate
0x00000000044ca000 	/System/Library/Frameworks/Accelerate.framework/Versions/A/Frameworks/vImage.framework/Versions/A/vImage
0x00000000044ca000 	/System/Library/Frameworks/Accelerate.framework/Versions/A/Frameworks/vecLib.framework/Versions/A/vecLib
0x00000000044ca000 	/System/Library/Frameworks/Accelerate.framework/Versions/A/Frameworks/vecLib.framework/Versions/A/libvDSP.dylib
0x00000000044ca000 	/System/Library/Frameworks/Accelerate.framework/Versions/A/Frameworks/vecLib.framework/Versions/A/libvMisc.dylib
0x00000000044ca000 	/System/Library/Frameworks/Accelerate.framework/Versions/A/Frameworks/vecLib.framework/Versions/A/libLAPACK.dylib
0x00000000044ca000 	/System/Library/Frameworks/Accelerate.framework/Versions/A/Frameworks/vecLib.framework/Versions/A/libBLAS.dylib
0x00000000044ca000 	/System/Library/Frameworks/Accelerate.framework/Versions/A/Frameworks/vecLib.framework/Versions/A/libLinearAlgebra.dylib
0x00000000044ca000 	/System/Library/Frameworks/ApplicationServices.framework/Versions/A/Frameworks/ATS.framework/Versions/A/Resources/libFontParser.dylib
0x00000000044ca000 	/System/Library/Frameworks/ApplicationServices.framework/Versions/A/Frameworks/ATS.framework/Versions/A/Resources/libFontRegistry.dylib
0x00000000044ca000 	/System/Library/PrivateFrameworks/AppleVPA.framework/Versions/A/AppleVPA
0x00000000044ca000 	/System/Library/PrivateFrameworks/AppleJPEG.framework/Versions/A/AppleJPEG
0x00000000044ca000 	/System/Library/Frameworks/ImageIO.framework/Versions/A/Resources/libJPEG.dylib
0x00000000044ca000 	/System/Library/Frameworks/ImageIO.framework/Versions/A/Resources/libTIFF.dylib
0x00000000044ca000 	/System/Library/Frameworks/ImageIO.framework/Versions/A/Resources/libPng.dylib
0x00000000044ca000 	/System/Library/Frameworks/ImageIO.framework/Versions/A/Resources/libGIF.dylib
0x00000000044ca000 	/System/Library/Frameworks/ImageIO.framework/Versions/A/Resources/libJP2.dylib
0x00000000044ca000 	/System/Library/Frameworks/ImageIO.framework/Versions/A/Resources/libRadiance.dylib
0x00000000044ca000 	/System/Library/Frameworks/CoreVideo.framework/Versions/A/CoreVideo
0x00000000044ca000 	/System/Library/Frameworks/OpenGL.framework/Versions/A/Libraries/libGLU.dylib
0x00000000044ca000 	/System/Library/Frameworks/OpenGL.framework/Versions/A/Libraries/libGFXShared.dylib
0x00000000044ca000 	/System/Library/Frameworks/OpenGL.framework/Versions/A/Libraries/libGL.dylib
0x00000000044ca000 	/System/Library/Frameworks/OpenGL.framework/Versions/A/Libraries/libGLImage.dylib
0x00000000044ca000 	/System/Library/Frameworks/OpenGL.framework/Versions/A/Libraries/libCVMSPluginSupport.dylib
0x00000000044ca000 	/System/Library/Frameworks/OpenGL.framework/Versions/A/Libraries/libCoreVMClient.dylib
0x00000000044ca000 	/usr/lib/libcups.2.dylib
0x00000000044ca000 	/System/Library/Frameworks/Kerberos.framework/Versions/A/Kerberos
0x00000000044ca000 	/System/Library/Frameworks/GSS.framework/Versions/A/GSS
0x00000000044ca000 	/usr/lib/libresolv.9.dylib
0x00000000044ca000 	/usr/lib/libiconv.2.dylib
0x00000000044ca000 	/System/Library/PrivateFrameworks/Heimdal.framework/Versions/A/Heimdal
0x00000000044ca000 	/usr/lib/libheimdal-asn1.dylib
0x00000000044ca000 	/System/Library/Frameworks/OpenDirectory.framework/Versions/A/OpenDirectory
0x00000000044ca000 	/System/Library/PrivateFrameworks/CommonAuth.framework/Versions/A/CommonAuth
0x00000000044ca000 	/System/Library/Frameworks/OpenDirectory.framework/Versions/A/Frameworks/CFOpenDirectory.framework/Versions/A/CFOpenDirectory
0x00000000044ca000 	/System/Library/Frameworks/SecurityFoundation.framework/Versions/A/SecurityFoundation
0x00000000044ca000 	/System/Library/PrivateFrameworks/LanguageModeling.framework/Versions/A/LanguageModeling
0x00000000044ca000 	/usr/lib/libcmph.dylib
0x00000000044ca000 	/System/Library/Frameworks/ServiceManagement.framework/Versions/A/ServiceManagement
0x00000000044ca000 	/usr/lib/libxslt.1.dylib
0x00000000044ca000 	/System/Library/Frameworks/Carbon.framework/Versions/A/Frameworks/Ink.framework/Versions/A/Ink
0x00000000044ca000 	/System/Library/Frameworks/QuartzCore.framework/Versions/A/Frameworks/CoreImage.framework/Versions/A/CoreImage
0x00000000044ca000 	/System/Library/PrivateFrameworks/CrashReporterSupport.framework/Versions/A/CrashReporterSupport
0x00000000044ca000 	/System/Library/Frameworks/OpenCL.framework/Versions/A/OpenCL
0x00000000044ca000 	/System/Library/PrivateFrameworks/FaceCore.framework/Versions/A/FaceCore
0x00000000044ca000 	/System/Library/PrivateFrameworks/Ubiquity.framework/Versions/A/Ubiquity
0x00000000044ca000 	/System/Library/PrivateFrameworks/IconServices.framework/Versions/A/IconServices
0x00000000044ca000 	/System/Library/PrivateFrameworks/ChunkingLibrary.framework/Versions/A/ChunkingLibrary
0x00000000044ca000 	/System/Library/PrivateFrameworks/Apple80211.framework/Versions/A/Apple80211
0x00000000044ca000 	/System/Library/Frameworks/CoreWLAN.framework/Versions/A/CoreWLAN
0x00000000044ca000 	/System/Library/Frameworks/IOBluetooth.framework/Versions/A/IOBluetooth
0x00000000044ca000 	/System/Library/PrivateFrameworks/CoreWiFi.framework/Versions/A/CoreWiFi
0x00000000044ca000 	/System/Library/Frameworks/CoreBluetooth.framework/Versions/A/CoreBluetooth
0x00000000044ca000 	/System/Library/PrivateFrameworks/DebugSymbols.framework/Versions/A/DebugSymbols
0x00000000044ca000 	/System/Library/PrivateFrameworks/CoreSymbolication.framework/Versions/A/CoreSymbolication
0x00000000044ca000 	/System/Library/PrivateFrameworks/Symbolication.framework/Versions/A/Symbolication
0x00000000044ca000 	/System/Library/PrivateFrameworks/SpeechRecognitionCore.framework/Versions/A/SpeechRecognitionCore
0x0000000104600000 	/Library/Java/JavaVirtualMachines/jdk1.7.0_79.jdk/Contents/Home/jre/lib/server/libjvm.dylib
0x00000000044ca000 	/usr/lib/libstdc++.6.dylib
0x0000000103dc4000 	/Library/Java/JavaVirtualMachines/jdk1.7.0_79.jdk/Contents/Home/jre/lib/libverify.dylib
0x0000000105166000 	/Library/Java/JavaVirtualMachines/jdk1.7.0_79.jdk/Contents/Home/jre/lib/libjava.dylib
0x0000000103ddb000 	/Library/Java/JavaVirtualMachines/jdk1.7.0_79.jdk/Contents/Home/jre/lib/libzip.dylib
0x0000000103de5000 	/System/Library/Frameworks/JavaVM.framework/Frameworks/JavaRuntimeSupport.framework/JavaRuntimeSupport
0x000000010fcbb000 	/System/Library/Frameworks/JavaVM.framework/Versions/A/Frameworks/JavaNativeFoundation.framework/Versions/A/JavaNativeFoundation
0x000000010fccf000 	/System/Library/Frameworks/JavaVM.framework/Versions/A/JavaVM
0x00000000044ca000 	/System/Library/Frameworks/Carbon.framework/Versions/A/Carbon
0x000000010fcdb000 	/System/Library/PrivateFrameworks/JavaLaunching.framework/Versions/A/JavaLaunching
0x00000000044ca000 	/System/Library/Frameworks/Carbon.framework/Versions/A/Frameworks/CommonPanels.framework/Versions/A/CommonPanels
0x00000000044ca000 	/System/Library/Frameworks/Carbon.framework/Versions/A/Frameworks/Help.framework/Versions/A/Help
0x00000000044ca000 	/System/Library/Frameworks/Carbon.framework/Versions/A/Frameworks/ImageCapture.framework/Versions/A/ImageCapture
0x00000000044ca000 	/System/Library/Frameworks/Carbon.framework/Versions/A/Frameworks/OpenScripting.framework/Versions/A/OpenScripting
0x00000000044ca000 	/System/Library/Frameworks/Carbon.framework/Versions/A/Frameworks/Print.framework/Versions/A/Print
0x00000000044ca000 	/System/Library/Frameworks/Carbon.framework/Versions/A/Frameworks/SecurityHI.framework/Versions/A/SecurityHI
0x0000000111af9000 	/Library/Java/JavaVirtualMachines/jdk1.7.0_79.jdk/Contents/Home/jre/lib/libnio.dylib
0x0000000111b08000 	/Library/Java/JavaVirtualMachines/jdk1.7.0_79.jdk/Contents/Home/jre/lib/./libnet.dylib
0x0000000111c59000 	/Library/Java/JavaVirtualMachines/jdk1.7.0_79.jdk/Contents/Home/jre/lib/libmanagement.dylib
0x0000000111c8e000 	/Library/Java/JavaVirtualMachines/jdk1.7.0_79.jdk/Contents/Home/jre/lib/libsunec.dylib
0x0000000112238000 	/Library/Java/JavaVirtualMachines/jdk1.7.0_79.jdk/Contents/Home/jre/lib/libawt.dylib
0x0000000112880000 	/Library/Java/JavaVirtualMachines/jdk1.7.0_79.jdk/Contents/Home/jre/lib/./libmlib_image.dylib
0x0000000112402000 	/Library/Java/JavaVirtualMachines/jdk1.7.0_79.jdk/Contents/Home/jre/lib/lwawt/liblwawt.dylib
0x0000000111d74000 	/Library/Java/JavaVirtualMachines/jdk1.7.0_79.jdk/Contents/Home/jre/lib/libosxapp.dylib
0x00000000044ca000 	/System/Library/Frameworks/ExceptionHandling.framework/Versions/A/ExceptionHandling
0x00000000044ca000 	/System/Library/PrivateFrameworks/CoreServicesInternal.framework/Versions/A/CoreServicesInternal
0x00000000044ca000 	/System/Library/PrivateFrameworks/CloudDocs.framework/Versions/A/CloudDocs
0x00000000044ca000 	/System/Library/PrivateFrameworks/CoreDuet.framework/Versions/A/CoreDuet
0x00000000044ca000 	/System/Library/Frameworks/CloudKit.framework/Versions/A/CloudKit
0x00000000044ca000 	/System/Library/PrivateFrameworks/ProtocolBuffer.framework/Versions/A/ProtocolBuffer
0x00000000044ca000 	/System/Library/PrivateFrameworks/CoreDuetDaemonProtocol.framework/Versions/A/CoreDuetDaemonProtocol
0x00000000044ca000 	/System/Library/PrivateFrameworks/CoreDuetDebugLogging.framework/Versions/A/CoreDuetDebugLogging
0x00000000044ca000 	/System/Library/Frameworks/CoreLocation.framework/Versions/A/CoreLocation
0x00000000044ca000 	/System/Library/Frameworks/Accounts.framework/Versions/A/Accounts
0x00000000044ca000 	/System/Library/PrivateFrameworks/ApplePushService.framework/Versions/A/ApplePushService
0x00000000044ca000 	/System/Library/PrivateFrameworks/GeoServices.framework/Versions/A/GeoServices
0x00000000044ca000 	/System/Library/PrivateFrameworks/OAuth.framework/Versions/A/OAuth
0x00000000044ca000 	/System/Library/PrivateFrameworks/CoreDaemon.framework/Versions/B/CoreDaemon
0x00000000044ca000 	/usr/lib/libcrypto.0.9.8.dylib
0x00000000044ca000 	/System/Library/PrivateFrameworks/AppleSRP.framework/Versions/A/AppleSRP
0x00000000044ca000 	/System/Library/PrivateFrameworks/TrustEvaluationAgent.framework/Versions/A/TrustEvaluationAgent
0x00000000044ca000 	/System/Library/Frameworks/CoreGraphics.framework/Versions/A/Resources/libCGCMS.A.dylib
0x00000000044ca000 	/System/Library/Frameworks/CoreGraphics.framework/Versions/A/Resources/libRIP.A.dylib
0x00000000044ca000 	/System/Library/Frameworks/CoreGraphics.framework/Versions/A/Resources/libCGXType.A.dylib
0x00000000044ca000 	/System/Library/Frameworks/OpenCL.framework/Versions/A/Libraries/libcldcpuengine.dylib
0x00000000044ca000 	/System/Library/PrivateFrameworks/DiskImages.framework/Versions/A/DiskImages
0x00000000044ca000 	/System/Library/Frameworks/DiscRecording.framework/Versions/A/DiscRecording
0x00000000044ca000 	/usr/lib/libcsfde.dylib
0x00000000044ca000 	/usr/lib/libcurl.4.dylib
0x00000000044ca000 	/System/Library/PrivateFrameworks/MediaKit.framework/Versions/A/MediaKit
0x00000000044ca000 	/System/Library/PrivateFrameworks/ProtectedCloudStorage.framework/Versions/A/ProtectedCloudStorage
0x00000000044ca000 	/usr/lib/libCoreStorage.dylib
0x00000000044ca000 	/System/Library/PrivateFrameworks/EFILogin.framework/Versions/A/EFILogin
0x00000000044ca000 	/usr/lib/libutil.dylib
0x00000000044ca000 	/System/Library/PrivateFrameworks/FindMyDevice.framework/Versions/A/FindMyDevice
0x00000000044ca000 	/System/Library/Frameworks/LDAP.framework/Versions/A/LDAP
0x00000000044ca000 	/usr/lib/libsasl2.2.dylib
0x00000001121af000 	cl_kernels
0x00000001159c5000 	/System/Library/Frameworks/OpenCL.framework/Versions/A/Libraries/ImageFormats/unorm8_bgra.dylib
0x000000011233f000 	cl_kernels
0x00000000044ca000 	/System/Library/PrivateFrameworks/FamilyControls.framework/Versions/A/FamilyControls
0x00000000044ca000 	/System/Library/PrivateFrameworks/CommerceKit.framework/Versions/A/Frameworks/CommerceCore.framework/Versions/A/CommerceCore
0x00000000044ca000 	/System/Library/PrivateFrameworks/SystemAdministration.framework/Versions/A/SystemAdministration
0x00000000044ca000 	/System/Library/PrivateFrameworks/AppContainer.framework/Versions/A/AppContainer
0x00000000044ca000 	/System/Library/PrivateFrameworks/SecCodeWrapper.framework/Versions/A/SecCodeWrapper
0x00000000044ca000 	/System/Library/Frameworks/DirectoryService.framework/Versions/A/DirectoryService
0x00000000044ca000 	/System/Library/PrivateFrameworks/LoginUIKit.framework/Versions/A/Frameworks/LoginUICore.framework/Versions/A/LoginUICore
0x00000000044ca000 	/usr/lib/libodfde.dylib

VM Arguments:
jvm_args: -Djava.util.logging.config.file=/Library/Tomcat/conf/logging.properties -Djava.util.logging.manager=org.apache.juli.ClassLoaderLogManager -Djava.endorsed.dirs=/Library/Tomcat/endorsed -Dcatalina.base=/Library/Tomcat -Dcatalina.home=/Library/Tomcat -Djava.io.tmpdir=/Library/Tomcat/temp 
java_command: org.apache.catalina.startup.Bootstrap start
Launcher Type: SUN_STANDARD

Environment Variables:
JAVA_HOME=/Library/Java/JavaVirtualMachines/jdk1.7.0_79.jdk/Contents/Home
PATH=/usr/local/bin:/usr/bin:/bin:/usr/sbin:/sbin:/usr/local/git/bin:/Users/konkolydavid/VIVO_Develop/apache-ant/bin:/usr/local/mysql/bin
SHELL=/bin/bash

Signal Handlers:
SIGSEGV: [libjvm.dylib+0x52daf1], sa_mask[0]=0xfffefeff, sa_flags=0x00000043
SIGBUS: [libjvm.dylib+0x52daf1], sa_mask[0]=0xfffefeff, sa_flags=0x00000042
SIGFPE: [libjvm.dylib+0x41f34e], sa_mask[0]=0xfffefeff, sa_flags=0x00000042
SIGPIPE: [libjvm.dylib+0x41f34e], sa_mask[0]=0xfffefeff, sa_flags=0x00000042
SIGXFSZ: [libjvm.dylib+0x41f34e], sa_mask[0]=0xfffefeff, sa_flags=0x00000042
SIGILL: [libjvm.dylib+0x41f34e], sa_mask[0]=0xfffefeff, sa_flags=0x00000042
SIGUSR1: SIG_DFL, sa_mask[0]=0x63807efb, sa_flags=0x00000000
SIGUSR2: [libjvm.dylib+0x41ee40], sa_mask[0]=0x00000000, sa_flags=0x00000042
SIGHUP: [libjvm.dylib+0x41d0d1], sa_mask[0]=0xfffefeff, sa_flags=0x00000042
SIGINT: SIG_IGN, sa_mask[0]=0x00000000, sa_flags=0x00000000
SIGTERM: [libjvm.dylib+0x41d0d1], sa_mask[0]=0xfffefeff, sa_flags=0x00000042
SIGQUIT: [libjvm.dylib+0x41d0d1], sa_mask[0]=0xfffefeff, sa_flags=0x00000042


---------------  S Y S T E M  ---------------

OS:Bsduname:Darwin 14.1.0 Darwin Kernel Version 14.1.0: Mon Dec 22 23:10:38 PST 2014; root:xnu-2782.10.72~2/RELEASE_X86_64 x86_64
rlimit: STACK 8192k, CORE 0k, NPROC 709, NOFILE 10240, AS infinity
load average:5.26 4.30 3.09

CPU:total 4 (2 cores per cpu, 2 threads per core) family 6 model 42 stepping 7, cmov, cx8, fxsr, mmx, sse, sse2, sse3, ssse3, sse4.1, sse4.2, popcnt, avx, aes, ht, tsc, tscinvbit

Memory: 4k page, physical 10485760k(2621440k free)

/proc/meminfo:


vm_info: Java HotSpot(TM) 64-Bit Server VM (24.79-b02) for bsd-amd64 JRE (1.7.0_79-b15), built on Apr 10 2015 11:35:04 by "java_re" with gcc 4.2.1 (Based on Apple Inc. build 5658) (LLVM build 2336.11.00)

time: Fri Oct  9 09:51:13 2015
elapsed time: 52 seconds

